#
# There is insufficient memory for the Java Runtime Environment to continue.
# Native memory allocation (malloc) failed to allocate 1469264 bytes for Chunk::new
# Possible reasons:
#   The system is out of physical RAM or swap space
#   The process is running with CompressedOops enabled, and the Java Heap may be blocking the growth of the native heap
# Possible solutions:
#   Reduce memory load on the system
#   Increase physical memory or swap space
#   Check if swap backing store is full
#   Decrease Java heap size (-Xmx/-Xms)
#   Decrease number of Java threads
#   Decrease Java thread stack sizes (-Xss)
#   Set larger code cache with -XX:ReservedCodeCacheSize=
#   JVM is running with Unscaled Compressed Oops mode in which the Java heap is
#     placed in the first 4GB address space. The Java Heap base address is the
#     maximum limit for the native heap growth. Please use -XX:HeapBaseMinAddress
#     to set the Java Heap base and to place the Java Heap above 4GB virtual address.
# This output file may be truncated or incomplete.
#
#  Out of Memory Error (arena.cpp:168), pid=8280, tid=82576
#
# JRE version: OpenJDK Runtime Environment (21.0.1+12) (build 21.0.1+12-29)
# Java VM: OpenJDK 64-Bit Server VM (21.0.1+12-29, mixed mode, sharing, tiered, compressed oops, compressed class ptrs, g1 gc, windows-amd64)
# No core dump will be written. Minidumps are not enabled by default on client versions of Windows
#

---------------  S U M M A R Y ------------

Command Line: -Dorg.gradle.internal.worker.tmpdir=C:\Users\wlsrl\Desktop\Java Study\myblog\build\tmp\test\work -Dorg.gradle.native=false -Xmx512m -Dfile.encoding=UTF-8 -Duser.country=KR -Duser.language=ko -Duser.variant -ea worker.org.gradle.process.internal.worker.GradleWorkerMain 'Gradle Test Executor 3'

Host: 12th Gen Intel(R) Core(TM) i5-12400F, 12 cores, 15G,  Windows 11 , 64 bit Build 22621 (10.0.22621.2506)
Time: Thu Jan 18 16:40:52 2024  Windows 11 , 64 bit Build 22621 (10.0.22621.2506) elapsed time: 4.045526 seconds (0d 0h 0m 4s)

---------------  T H R E A D  ---------------

Current thread (0x000001e8ef95e6b0):  JavaThread "C2 CompilerThread1" daemon [_thread_in_native, id=82576, stack(0x000000a4d3a00000,0x000000a4d3b00000) (1024K)]


Current CompileTask:
C2:   4045 5100       4       org.springframework.beans.factory.support.AbstractBeanFactory::isTypeMatch (619 bytes)

Stack: [0x000000a4d3a00000,0x000000a4d3b00000]
Native frames: (J=compiled Java code, j=interpreted, Vv=VM code, C=native code)
V  [jvm.dll+0x6c9029]
V  [jvm.dll+0x854b81]
V  [jvm.dll+0x856e5e]
V  [jvm.dll+0x857543]
V  [jvm.dll+0x280c06]
V  [jvm.dll+0xc3ead]
V  [jvm.dll+0xc43c3]
V  [jvm.dll+0x3b576c]
V  [jvm.dll+0x1e1ec3]
V  [jvm.dll+0x249c22]
V  [jvm.dll+0x2490b1]
V  [jvm.dll+0x1c9ca1]
V  [jvm.dll+0x2586b9]
V  [jvm.dll+0x256c9a]
V  [jvm.dll+0x3ef1b6]
V  [jvm.dll+0x7fd728]
V  [jvm.dll+0x6c777d]
C  [ucrtbase.dll+0x29363]
C  [KERNEL32.DLL+0x1257d]
C  [ntdll.dll+0x5aa58]


---------------  P R O C E S S  ---------------

Threads class SMR info:
_java_thread_list=0x000001e8f653e010, length=18, elements={
0x000001e8d239ff90, 0x000001e8ef5ec130, 0x000001e8ef5ed050, 0x000001e8ef5f0960,
0x000001e8ef5f3860, 0x000001e8ef5f4a60, 0x000001e8ef5f65b0, 0x000001e8ef5fd250,
0x000001e8ef602230, 0x000001e8ef74b810, 0x000001e8ef76e670, 0x000001e8ef95e6b0,
0x000001e8f44e6f20, 0x000001e8f4653a30, 0x000001e8f45ccb10, 0x000001e8f4f850f0,
0x000001e8f4d1c150, 0x000001e8f83a0af0
}

Java Threads: ( => current thread )
  0x000001e8d239ff90 JavaThread "Test worker"                       [_thread_in_native, id=82388, stack(0x000000a4d2800000,0x000000a4d2900000) (1024K)]
  0x000001e8ef5ec130 JavaThread "Reference Handler"          daemon [_thread_blocked, id=86644, stack(0x000000a4d3000000,0x000000a4d3100000) (1024K)]
  0x000001e8ef5ed050 JavaThread "Finalizer"                  daemon [_thread_blocked, id=86636, stack(0x000000a4d3100000,0x000000a4d3200000) (1024K)]
  0x000001e8ef5f0960 JavaThread "Signal Dispatcher"          daemon [_thread_blocked, id=82988, stack(0x000000a4d3200000,0x000000a4d3300000) (1024K)]
  0x000001e8ef5f3860 JavaThread "Attach Listener"            daemon [_thread_blocked, id=82184, stack(0x000000a4d3300000,0x000000a4d3400000) (1024K)]
  0x000001e8ef5f4a60 JavaThread "Service Thread"             daemon [_thread_blocked, id=85848, stack(0x000000a4d3400000,0x000000a4d3500000) (1024K)]
  0x000001e8ef5f65b0 JavaThread "Monitor Deflation Thread"   daemon [_thread_blocked, id=69716, stack(0x000000a4d3500000,0x000000a4d3600000) (1024K)]
  0x000001e8ef5fd250 JavaThread "C2 CompilerThread0"         daemon [_thread_blocked, id=86124, stack(0x000000a4d3600000,0x000000a4d3700000) (1024K)]
  0x000001e8ef602230 JavaThread "C1 CompilerThread0"         daemon [_thread_blocked, id=82696, stack(0x000000a4d3700000,0x000000a4d3800000) (1024K)]
  0x000001e8ef74b810 JavaThread "Notification Thread"        daemon [_thread_blocked, id=59128, stack(0x000000a4d3800000,0x000000a4d3900000) (1024K)]
  0x000001e8ef76e670 JavaThread "Common-Cleaner"             daemon [_thread_blocked, id=83044, stack(0x000000a4d3900000,0x000000a4d3a00000) (1024K)]
=>0x000001e8ef95e6b0 JavaThread "C2 CompilerThread1"         daemon [_thread_in_native, id=82576, stack(0x000000a4d3a00000,0x000000a4d3b00000) (1024K)]
  0x000001e8f44e6f20 JavaThread "/127.0.0.1:58785 to /127.0.0.1:58784 workers"        [_thread_blocked, id=9200, stack(0x000000a4d3c00000,0x000000a4d3d00000) (1024K)]
  0x000001e8f4653a30 JavaThread "/127.0.0.1:58785 to /127.0.0.1:58784 workers Thread 2"        [_thread_blocked, id=73912, stack(0x000000a4d3d00000,0x000000a4d3e00000) (1024K)]
  0x000001e8f45ccb10 JavaThread "/127.0.0.1:58785 to /127.0.0.1:58784 workers Thread 3"        [_thread_in_native, id=86184, stack(0x000000a4d3e00000,0x000000a4d3f00000) (1024K)]
  0x000001e8f4f850f0 JavaThread "HikariPool-1 housekeeper"   daemon [_thread_blocked, id=81568, stack(0x000000a4d4900000,0x000000a4d4a00000) (1024K)]
  0x000001e8f4d1c150 JavaThread "HikariPool-1 connection adder" daemon [_thread_blocked, id=71664, stack(0x000000a4d4c00000,0x000000a4d4d00000) (1024K)]
  0x000001e8f83a0af0 JavaThread "C2 CompilerThread2"         daemon [_thread_blocked, id=86324, stack(0x000000a4d4800000,0x000000a4d4900000) (1024K)]
Total: 18

Other Threads:
  0x000001e8ef5d2090 VMThread "VM Thread"                           [id=86076, stack(0x000000a4d2f00000,0x000000a4d3000000) (1024K)]
  0x000001e8ef5b4e10 WatcherThread "VM Periodic Task Thread"        [id=86904, stack(0x000000a4d2e00000,0x000000a4d2f00000) (1024K)]
  0x000001e8d45b05b0 WorkerThread "GC Thread#0"                     [id=85248, stack(0x000000a4d2900000,0x000000a4d2a00000) (1024K)]
  0x000001e8f4959e40 WorkerThread "GC Thread#1"                     [id=82932, stack(0x000000a4d3f00000,0x000000a4d4000000) (1024K)]
  0x000001e8f495a1e0 WorkerThread "GC Thread#2"                     [id=82740, stack(0x000000a4d4000000,0x000000a4d4100000) (1024K)]
  0x000001e8f4856060 WorkerThread "GC Thread#3"                     [id=45344, stack(0x000000a4d4100000,0x000000a4d4200000) (1024K)]
  0x000001e8f4856400 WorkerThread "GC Thread#4"                     [id=86980, stack(0x000000a4d4200000,0x000000a4d4300000) (1024K)]
  0x000001e8f487c920 WorkerThread "GC Thread#5"                     [id=79608, stack(0x000000a4d4300000,0x000000a4d4400000) (1024K)]
  0x000001e8f487d4e0 WorkerThread "GC Thread#6"                     [id=2200, stack(0x000000a4d4400000,0x000000a4d4500000) (1024K)]
  0x000001e8f48589e0 WorkerThread "GC Thread#7"                     [id=87016, stack(0x000000a4d4500000,0x000000a4d4600000) (1024K)]
  0x000001e8f49d7130 WorkerThread "GC Thread#8"                     [id=86232, stack(0x000000a4d4600000,0x000000a4d4700000) (1024K)]
  0x000001e8f49637e0 WorkerThread "GC Thread#9"                     [id=50896, stack(0x000000a4d4700000,0x000000a4d4800000) (1024K)]
  0x000001e8d45b3480 ConcurrentGCThread "G1 Main Marker"            [id=86660, stack(0x000000a4d2a00000,0x000000a4d2b00000) (1024K)]
  0x000001e8d45b47e0 WorkerThread "G1 Conc#0"                       [id=83000, stack(0x000000a4d2b00000,0x000000a4d2c00000) (1024K)]
  0x000001e8f4e740a0 WorkerThread "G1 Conc#1"                       [id=61492, stack(0x000000a4d4a00000,0x000000a4d4b00000) (1024K)]
  0x000001e8f4e75a00 WorkerThread "G1 Conc#2"                       [id=86860, stack(0x000000a4d4b00000,0x000000a4d4c00000) (1024K)]
  0x000001e8d462e8d0 ConcurrentGCThread "G1 Refine#0"               [id=86112, stack(0x000000a4d2c00000,0x000000a4d2d00000) (1024K)]
  0x000001e8ef487ec0 ConcurrentGCThread "G1 Service"                [id=85884, stack(0x000000a4d2d00000,0x000000a4d2e00000) (1024K)]
Total: 18

Threads with active compile tasks:
C2 CompilerThread1     4057 5100       4       org.springframework.beans.factory.support.AbstractBeanFactory::isTypeMatch (619 bytes)
Total: 1

VM state: not at safepoint (normal execution)

VM Mutex/Monitor currently owned by a thread: None

Heap address: 0x00000000e0000000, size: 512 MB, Compressed Oops mode: 32-bit

CDS archive(s) mapped at: [0x000001e880000000-0x000001e880c90000-0x000001e880c90000), size 13172736, SharedBaseAddress: 0x000001e880000000, ArchiveRelocationMode: 1.
Compressed class space mapped at: 0x000001e881000000-0x000001e8c1000000, reserved size: 1073741824
Narrow klass base: 0x000001e880000000, Narrow klass shift: 0, Narrow klass range: 0x100000000

GC Precious Log:
 CardTable entry size: 512
 Card Set container configuration: InlinePtr #cards 5 size 8 Array Of Cards #cards 12 size 40 Howl #buckets 4 coarsen threshold 1843 Howl Bitmap #cards 512 size 80 coarsen threshold 460 Card regions per heap region 1 cards per card region 2048
 CPUs: 12 total, 12 available
 Memory: 16194M
 Large Page Support: Disabled
 NUMA Support: Disabled
 Compressed Oops: Enabled (32-bit)
 Heap Region Size: 1M
 Heap Min Capacity: 8M
 Heap Initial Capacity: 254M
 Heap Max Capacity: 512M
 Pre-touch: Disabled
 Parallel Workers: 10
 Concurrent Workers: 3
 Concurrent Refinement Workers: 10
 Periodic GC: Disabled

Heap:
 garbage-first heap   total 58368K, used 46692K [0x00000000e0000000, 0x0000000100000000)
  region size 1024K, 23 young (23552K), 4 survivors (4096K)
 Metaspace       used 65174K, committed 65856K, reserved 1114112K
  class space    used 9112K, committed 9408K, reserved 1048576K

Heap Regions: E=young(eden), S=young(survivor), O=old, HS=humongous(starts), HC=humongous(continues), CS=collection set, F=free, TAMS=top-at-mark-start, PB=parsable bottom
|   0|0x00000000e0000000, 0x00000000e0100000, 0x00000000e0100000|100%|HS|  |TAMS 0x00000000e0000000| PB 0x00000000e0000000| Complete 
|   1|0x00000000e0100000, 0x00000000e0200000, 0x00000000e0200000|100%| O|  |TAMS 0x00000000e0100000| PB 0x00000000e0100000| Untracked 
|   2|0x00000000e0200000, 0x00000000e0300000, 0x00000000e0300000|100%| O|  |TAMS 0x00000000e0200000| PB 0x00000000e0200000| Untracked 
|   3|0x00000000e0300000, 0x00000000e0400000, 0x00000000e0400000|100%| O|  |TAMS 0x00000000e0300000| PB 0x00000000e0300000| Untracked 
|   4|0x00000000e0400000, 0x00000000e0500000, 0x00000000e0500000|100%| O|  |TAMS 0x00000000e0400000| PB 0x00000000e0400000| Untracked 
|   5|0x00000000e0500000, 0x00000000e0600000, 0x00000000e0600000|100%| O|  |TAMS 0x00000000e0500000| PB 0x00000000e0500000| Untracked 
|   6|0x00000000e0600000, 0x00000000e0700000, 0x00000000e0700000|100%| O|  |TAMS 0x00000000e0600000| PB 0x00000000e0600000| Untracked 
|   7|0x00000000e0700000, 0x00000000e0800000, 0x00000000e0800000|100%| O|  |TAMS 0x00000000e0700000| PB 0x00000000e0700000| Untracked 
|   8|0x00000000e0800000, 0x00000000e0900000, 0x00000000e0900000|100%| O|  |TAMS 0x00000000e0800000| PB 0x00000000e0800000| Untracked 
|   9|0x00000000e0900000, 0x00000000e0a00000, 0x00000000e0a00000|100%| O|  |TAMS 0x00000000e0900000| PB 0x00000000e0900000| Untracked 
|  10|0x00000000e0a00000, 0x00000000e0b00000, 0x00000000e0b00000|100%| O|  |TAMS 0x00000000e0a00000| PB 0x00000000e0a00000| Untracked 
|  11|0x00000000e0b00000, 0x00000000e0c00000, 0x00000000e0c00000|100%| O|  |TAMS 0x00000000e0b00000| PB 0x00000000e0b00000| Untracked 
|  12|0x00000000e0c00000, 0x00000000e0d00000, 0x00000000e0d00000|100%| O|  |TAMS 0x00000000e0c00000| PB 0x00000000e0c00000| Untracked 
|  13|0x00000000e0d00000, 0x00000000e0e00000, 0x00000000e0e00000|100%| O|  |TAMS 0x00000000e0d00000| PB 0x00000000e0d00000| Untracked 
|  14|0x00000000e0e00000, 0x00000000e0f00000, 0x00000000e0f00000|100%| O|  |TAMS 0x00000000e0e00000| PB 0x00000000e0e00000| Untracked 
|  15|0x00000000e0f00000, 0x00000000e1000000, 0x00000000e1000000|100%| O|Cm|TAMS 0x00000000e0f00000| PB 0x00000000e0f00000| Complete 
|  16|0x00000000e1000000, 0x00000000e1100000, 0x00000000e1100000|100%| O|  |TAMS 0x00000000e1000000| PB 0x00000000e1000000| Untracked 
|  17|0x00000000e1100000, 0x00000000e1200000, 0x00000000e1200000|100%| O|  |TAMS 0x00000000e1100000| PB 0x00000000e1100000| Untracked 
|  18|0x00000000e1200000, 0x00000000e1300000, 0x00000000e1300000|100%| O|  |TAMS 0x00000000e1200000| PB 0x00000000e1200000| Untracked 
|  19|0x00000000e1300000, 0x00000000e1400000, 0x00000000e1400000|100%| O|  |TAMS 0x00000000e1300000| PB 0x00000000e1300000| Untracked 
|  20|0x00000000e1400000, 0x00000000e1500000, 0x00000000e1500000|100%| O|  |TAMS 0x00000000e1400000| PB 0x00000000e1400000| Untracked 
|  21|0x00000000e1500000, 0x00000000e1600000, 0x00000000e1600000|100%| O|  |TAMS 0x00000000e1500000| PB 0x00000000e1500000| Untracked 
|  22|0x00000000e1600000, 0x00000000e1700000, 0x00000000e1700000|100%| O|  |TAMS 0x00000000e1600000| PB 0x00000000e1600000| Untracked 
|  23|0x00000000e1700000, 0x00000000e17f4c20, 0x00000000e1800000| 95%| O|  |TAMS 0x00000000e1700000| PB 0x00000000e1700000| Untracked 
|  24|0x00000000e1800000, 0x00000000e1800000, 0x00000000e1900000|  0%| F|  |TAMS 0x00000000e1800000| PB 0x00000000e1800000| Untracked 
|  25|0x00000000e1900000, 0x00000000e1900000, 0x00000000e1a00000|  0%| F|  |TAMS 0x00000000e1900000| PB 0x00000000e1900000| Untracked 
|  26|0x00000000e1a00000, 0x00000000e1aa4688, 0x00000000e1b00000| 64%| S|CS|TAMS 0x00000000e1a00000| PB 0x00000000e1a00000| Complete 
|  27|0x00000000e1b00000, 0x00000000e1c00000, 0x00000000e1c00000|100%| S|CS|TAMS 0x00000000e1b00000| PB 0x00000000e1b00000| Complete 
|  28|0x00000000e1c00000, 0x00000000e1d00000, 0x00000000e1d00000|100%| S|CS|TAMS 0x00000000e1c00000| PB 0x00000000e1c00000| Complete 
|  29|0x00000000e1d00000, 0x00000000e1e00000, 0x00000000e1e00000|100%| S|CS|TAMS 0x00000000e1d00000| PB 0x00000000e1d00000| Complete 
|  30|0x00000000e1e00000, 0x00000000e1e00000, 0x00000000e1f00000|  0%| F|  |TAMS 0x00000000e1e00000| PB 0x00000000e1e00000| Untracked 
|  31|0x00000000e1f00000, 0x00000000e1f00000, 0x00000000e2000000|  0%| F|  |TAMS 0x00000000e1f00000| PB 0x00000000e1f00000| Untracked 
|  32|0x00000000e2000000, 0x00000000e2000000, 0x00000000e2100000|  0%| F|  |TAMS 0x00000000e2000000| PB 0x00000000e2000000| Untracked 
|  33|0x00000000e2100000, 0x00000000e2100000, 0x00000000e2200000|  0%| F|  |TAMS 0x00000000e2100000| PB 0x00000000e2100000| Untracked 
|  34|0x00000000e2200000, 0x00000000e2200000, 0x00000000e2300000|  0%| F|  |TAMS 0x00000000e2200000| PB 0x00000000e2200000| Untracked 
|  35|0x00000000e2300000, 0x00000000e2300000, 0x00000000e2400000|  0%| F|  |TAMS 0x00000000e2300000| PB 0x00000000e2300000| Untracked 
|  36|0x00000000e2400000, 0x00000000e2400000, 0x00000000e2500000|  0%| F|  |TAMS 0x00000000e2400000| PB 0x00000000e2400000| Untracked 
|  37|0x00000000e2500000, 0x00000000e2500000, 0x00000000e2600000|  0%| F|  |TAMS 0x00000000e2500000| PB 0x00000000e2500000| Untracked 
|  38|0x00000000e2600000, 0x00000000e26e4128, 0x00000000e2700000| 89%| E|  |TAMS 0x00000000e2600000| PB 0x00000000e2600000| Complete 
|  39|0x00000000e2700000, 0x00000000e2800000, 0x00000000e2800000|100%| E|CS|TAMS 0x00000000e2700000| PB 0x00000000e2700000| Complete 
|  40|0x00000000e2800000, 0x00000000e2900000, 0x00000000e2900000|100%| E|CS|TAMS 0x00000000e2800000| PB 0x00000000e2800000| Complete 
|  41|0x00000000e2900000, 0x00000000e2a00000, 0x00000000e2a00000|100%| E|CS|TAMS 0x00000000e2900000| PB 0x00000000e2900000| Complete 
|  42|0x00000000e2a00000, 0x00000000e2b00000, 0x00000000e2b00000|100%| E|CS|TAMS 0x00000000e2a00000| PB 0x00000000e2a00000| Complete 
|  43|0x00000000e2b00000, 0x00000000e2c00000, 0x00000000e2c00000|100%| E|CS|TAMS 0x00000000e2b00000| PB 0x00000000e2b00000| Complete 
|  44|0x00000000e2c00000, 0x00000000e2d00000, 0x00000000e2d00000|100%| E|CS|TAMS 0x00000000e2c00000| PB 0x00000000e2c00000| Complete 
|  45|0x00000000e2d00000, 0x00000000e2e00000, 0x00000000e2e00000|100%| E|CS|TAMS 0x00000000e2d00000| PB 0x00000000e2d00000| Complete 
|  46|0x00000000e2e00000, 0x00000000e2f00000, 0x00000000e2f00000|100%| E|CS|TAMS 0x00000000e2e00000| PB 0x00000000e2e00000| Complete 
|  47|0x00000000e2f00000, 0x00000000e3000000, 0x00000000e3000000|100%| E|CS|TAMS 0x00000000e2f00000| PB 0x00000000e2f00000| Complete 
|  48|0x00000000e3000000, 0x00000000e3100000, 0x00000000e3100000|100%| E|CS|TAMS 0x00000000e3000000| PB 0x00000000e3000000| Complete 
|  49|0x00000000e3100000, 0x00000000e3200000, 0x00000000e3200000|100%| E|CS|TAMS 0x00000000e3100000| PB 0x00000000e3100000| Complete 
| 207|0x00000000ecf00000, 0x00000000ed000000, 0x00000000ed000000|100%| E|CS|TAMS 0x00000000ecf00000| PB 0x00000000ecf00000| Complete 
| 208|0x00000000ed000000, 0x00000000ed100000, 0x00000000ed100000|100%| E|CS|TAMS 0x00000000ed000000| PB 0x00000000ed000000| Complete 
| 209|0x00000000ed100000, 0x00000000ed200000, 0x00000000ed200000|100%| E|CS|TAMS 0x00000000ed100000| PB 0x00000000ed100000| Complete 
| 210|0x00000000ed200000, 0x00000000ed300000, 0x00000000ed300000|100%| E|CS|TAMS 0x00000000ed200000| PB 0x00000000ed200000| Complete 
| 211|0x00000000ed300000, 0x00000000ed400000, 0x00000000ed400000|100%| E|CS|TAMS 0x00000000ed300000| PB 0x00000000ed300000| Complete 
| 252|0x00000000efc00000, 0x00000000efd00000, 0x00000000efd00000|100%| E|CS|TAMS 0x00000000efc00000| PB 0x00000000efc00000| Complete 
| 253|0x00000000efd00000, 0x00000000efe00000, 0x00000000efe00000|100%| E|CS|TAMS 0x00000000efd00000| PB 0x00000000efd00000| Complete 

Card table byte_map: [0x000001e8ec000000,0x000001e8ec100000] _byte_map_base: 0x000001e8eb900000

Marking Bits: (CMBitMap*) 0x000001e8d45b0bc0
 Bits: [0x000001e8ec100000, 0x000001e8ec900000)

Polling page: 0x000001e8d24f0000

Metaspace:

Usage:
  Non-class:     54.75 MB used.
      Class:      8.90 MB used.
       Both:     63.65 MB used.

Virtual space:
  Non-class space:       64.00 MB reserved,      55.12 MB ( 86%) committed,  1 nodes.
      Class space:        1.00 GB reserved,       9.19 MB ( <1%) committed,  1 nodes.
             Both:        1.06 GB reserved,      64.31 MB (  6%) committed. 

Chunk freelists:
   Non-Class:  8.03 MB
       Class:  6.70 MB
        Both:  14.73 MB

MaxMetaspaceSize: unlimited
CompressedClassSpaceSize: 1.00 GB
Initial GC threshold: 21.00 MB
Current GC threshold: 98.44 MB
CDS: on
 - commit_granule_bytes: 65536.
 - commit_granule_words: 8192.
 - virtual_space_node_default_size: 8388608.
 - enlarge_chunks_in_place: 1.
 - use_allocation_guard: 0.


Internal statistics:

num_allocs_failed_limit: 9.
num_arena_births: 882.
num_arena_deaths: 0.
num_vsnodes_births: 2.
num_vsnodes_deaths: 0.
num_space_committed: 1029.
num_space_uncommitted: 0.
num_chunks_returned_to_freelist: 9.
num_chunks_taken_from_freelist: 3273.
num_chunk_merges: 6.
num_chunk_splits: 2369.
num_chunks_enlarged: 1868.
num_inconsistent_stats: 0.

CodeHeap 'non-profiled nmethods': size=120000Kb used=3229Kb max_used=3229Kb free=116770Kb
 bounds [0x000001e8e4480000, 0x000001e8e47b0000, 0x000001e8eb9b0000]
CodeHeap 'profiled nmethods': size=120000Kb used=8652Kb max_used=8684Kb free=111347Kb
 bounds [0x000001e8dc9b0000, 0x000001e8dd230000, 0x000001e8e3ee0000]
CodeHeap 'non-nmethods': size=5760Kb used=1640Kb max_used=1689Kb free=4119Kb
 bounds [0x000001e8e3ee0000, 0x000001e8e4150000, 0x000001e8e4480000]
 total_blobs=5149 nmethods=4463 adapters=590
 compilation: enabled
              stopped_count=0, restarted_count=0
 full_count=0

Compilation events (20 events):
Event: 3.889 Thread 0x000001e8ef602230 5185       3       java.lang.Long::getChars (195 bytes)
Event: 3.890 Thread 0x000001e8ef602230 nmethod 5185 0x000001e8dcbe8090 code [0x000001e8dcbe8280, 0x000001e8dcbe88c8]
Event: 3.931 Thread 0x000001e8f83a0af0 nmethod 5119 0x000001e8e478fa10 code [0x000001e8e4790480, 0x000001e8e4796630]
Event: 3.931 Thread 0x000001e8f83a0af0 5160       4       org.springframework.boot.autoconfigure.condition.ConditionEvaluationReport$$Lambda/0x000001e881936198::accept (20 bytes)
Event: 3.939 Thread 0x000001e8f83a0af0 nmethod 5160 0x000001e8e479a490 code [0x000001e8e479a6e0, 0x000001e8e479b0a8]
Event: 3.939 Thread 0x000001e8f83a0af0 5161       4       org.springframework.boot.autoconfigure.condition.ConditionEvaluationReport::lambda$addNoMatchOutcomeToAncestors$2 (41 bytes)
Event: 3.945 Thread 0x000001e8f83a0af0 nmethod 5161 0x000001e8e479b910 code [0x000001e8e479bb60, 0x000001e8e479c468]
Event: 3.945 Thread 0x000001e8f83a0af0 5164       4       java.lang.invoke.DirectMethodHandle$Holder::newInvokeSpecial (24 bytes)
Event: 3.946 Thread 0x000001e8f83a0af0 nmethod 5164 0x000001e8e453d390 code [0x000001e8e453d540, 0x000001e8e453d788]
Event: 3.946 Thread 0x000001e8f83a0af0 5139       4       org.springframework.core.annotation.AnnotatedElementUtils::findAnnotations (11 bytes)
Event: 3.947 Thread 0x000001e8f83a0af0 nmethod 5139 0x000001e8e453cf10 code [0x000001e8e453d0a0, 0x000001e8e453d158]
Event: 3.947 Thread 0x000001e8f83a0af0 5138       4       org.springframework.core.annotation.AnnotationsScanner::processMethod (97 bytes)
Event: 3.948 Thread 0x000001e8f83a0af0 nmethod 5138 0x000001e8e479cc90 code [0x000001e8e479ce60, 0x000001e8e479d118]
Event: 3.948 Thread 0x000001e8f83a0af0 5130       4       org.springframework.core.annotation.RepeatableContainers::findRepeatedAnnotations (18 bytes)
Event: 3.948 Thread 0x000001e8f83a0af0 nmethod 5130 0x000001e8e479d390 code [0x000001e8e479d520, 0x000001e8e479d5d0]
Event: 3.948 Thread 0x000001e8f83a0af0 5031   !   4       java.lang.reflect.Field::declaredAnnotations (82 bytes)
Event: 3.950 Thread 0x000001e8f83a0af0 nmethod 5031 0x000001e8e479d690 code [0x000001e8e479d860, 0x000001e8e479dd38]
Event: 3.950 Thread 0x000001e8f83a0af0 5129       4       java.util.stream.ReduceOps$3::getOpFlags (28 bytes)
Event: 3.952 Thread 0x000001e8f83a0af0 nmethod 5129 0x000001e8e479df10 code [0x000001e8e479e0c0, 0x000001e8e479e270]
Event: 3.963 Thread 0x000001e8ef5fd250 nmethod 5134 0x000001e8e479e410 code [0x000001e8e479ebc0, 0x000001e8e47a38e0]

GC Heap History (20 events):
Event: 1.221 GC heap before
{Heap before GC invocations=2 (full 0):
 garbage-first heap   total 260096K, used 49683K [0x00000000e0000000, 0x0000000100000000)
  region size 1024K, 42 young (43008K), 3 survivors (3072K)
 Metaspace       used 21138K, committed 21504K, reserved 1114112K
  class space    used 2947K, committed 3136K, reserved 1048576K
}
Event: 1.224 GC heap after
{Heap after GC invocations=3 (full 0):
 garbage-first heap   total 260096K, used 14509K [0x00000000e0000000, 0x0000000100000000)
  region size 1024K, 5 young (5120K), 5 survivors (5120K)
 Metaspace       used 21138K, committed 21504K, reserved 1114112K
  class space    used 2947K, committed 3136K, reserved 1048576K
}
Event: 1.396 GC heap before
{Heap before GC invocations=4 (full 0):
 garbage-first heap   total 58368K, used 43181K [0x00000000e0000000, 0x0000000100000000)
  region size 1024K, 34 young (34816K), 5 survivors (5120K)
 Metaspace       used 26374K, committed 26752K, reserved 1114112K
  class space    used 3511K, committed 3712K, reserved 1048576K
}
Event: 1.399 GC heap after
{Heap after GC invocations=5 (full 0):
 garbage-first heap   total 58368K, used 16946K [0x00000000e0000000, 0x0000000100000000)
  region size 1024K, 3 young (3072K), 3 survivors (3072K)
 Metaspace       used 26374K, committed 26752K, reserved 1114112K
  class space    used 3511K, committed 3712K, reserved 1048576K
}
Event: 1.681 GC heap before
{Heap before GC invocations=5 (full 0):
 garbage-first heap   total 58368K, used 42546K [0x00000000e0000000, 0x0000000100000000)
  region size 1024K, 29 young (29696K), 3 survivors (3072K)
 Metaspace       used 30028K, committed 30464K, reserved 1114112K
  class space    used 4020K, committed 4224K, reserved 1048576K
}
Event: 1.683 GC heap after
{Heap after GC invocations=6 (full 0):
 garbage-first heap   total 58368K, used 18929K [0x00000000e0000000, 0x0000000100000000)
  region size 1024K, 3 young (3072K), 3 survivors (3072K)
 Metaspace       used 30028K, committed 30464K, reserved 1114112K
  class space    used 4020K, committed 4224K, reserved 1048576K
}
Event: 2.067 GC heap before
{Heap before GC invocations=6 (full 0):
 garbage-first heap   total 58368K, used 44529K [0x00000000e0000000, 0x0000000100000000)
  region size 1024K, 29 young (29696K), 3 survivors (3072K)
 Metaspace       used 35038K, committed 35584K, reserved 1114112K
  class space    used 4677K, committed 4928K, reserved 1048576K
}
Event: 2.069 GC heap after
{Heap after GC invocations=7 (full 0):
 garbage-first heap   total 58368K, used 21199K [0x00000000e0000000, 0x0000000100000000)
  region size 1024K, 4 young (4096K), 4 survivors (4096K)
 Metaspace       used 35038K, committed 35584K, reserved 1114112K
  class space    used 4677K, committed 4928K, reserved 1048576K
}
Event: 2.089 GC heap before
{Heap before GC invocations=7 (full 0):
 garbage-first heap   total 58368K, used 22223K [0x00000000e0000000, 0x0000000100000000)
  region size 1024K, 6 young (6144K), 4 survivors (4096K)
 Metaspace       used 35589K, committed 36096K, reserved 1114112K
  class space    used 4739K, committed 4992K, reserved 1048576K
}
Event: 2.091 GC heap after
{Heap after GC invocations=8 (full 0):
 garbage-first heap   total 58368K, used 22273K [0x00000000e0000000, 0x0000000100000000)
  region size 1024K, 1 young (1024K), 1 survivors (1024K)
 Metaspace       used 35589K, committed 36096K, reserved 1114112K
  class space    used 4739K, committed 4992K, reserved 1048576K
}
Event: 2.441 GC heap before
{Heap before GC invocations=9 (full 0):
 garbage-first heap   total 58368K, used 43777K [0x00000000e0000000, 0x0000000100000000)
  region size 1024K, 23 young (23552K), 1 survivors (1024K)
 Metaspace       used 41860K, committed 42368K, reserved 1114112K
  class space    used 5579K, committed 5824K, reserved 1048576K
}
Event: 2.442 GC heap after
{Heap after GC invocations=10 (full 0):
 garbage-first heap   total 58368K, used 22871K [0x00000000e0000000, 0x0000000100000000)
  region size 1024K, 2 young (2048K), 2 survivors (2048K)
 Metaspace       used 41860K, committed 42368K, reserved 1114112K
  class space    used 5579K, committed 5824K, reserved 1048576K
}
Event: 2.742 GC heap before
{Heap before GC invocations=10 (full 0):
 garbage-first heap   total 58368K, used 46423K [0x00000000e0000000, 0x0000000100000000)
  region size 1024K, 25 young (25600K), 2 survivors (2048K)
 Metaspace       used 48093K, committed 48640K, reserved 1114112K
  class space    used 6497K, committed 6784K, reserved 1048576K
}
Event: 2.743 GC heap after
{Heap after GC invocations=11 (full 0):
 garbage-first heap   total 58368K, used 23775K [0x00000000e0000000, 0x0000000100000000)
  region size 1024K, 3 young (3072K), 3 survivors (3072K)
 Metaspace       used 48093K, committed 48640K, reserved 1114112K
  class space    used 6497K, committed 6784K, reserved 1048576K
}
Event: 3.094 GC heap before
{Heap before GC invocations=11 (full 0):
 garbage-first heap   total 58368K, used 47327K [0x00000000e0000000, 0x0000000100000000)
  region size 1024K, 27 young (27648K), 3 survivors (3072K)
 Metaspace       used 55471K, committed 56000K, reserved 1114112K
  class space    used 7702K, committed 7936K, reserved 1048576K
}
Event: 3.096 GC heap after
{Heap after GC invocations=12 (full 0):
 garbage-first heap   total 58368K, used 24566K [0x00000000e0000000, 0x0000000100000000)
  region size 1024K, 3 young (3072K), 3 survivors (3072K)
 Metaspace       used 55471K, committed 56000K, reserved 1114112K
  class space    used 7702K, committed 7936K, reserved 1048576K
}
Event: 3.330 GC heap before
{Heap before GC invocations=12 (full 0):
 garbage-first heap   total 58368K, used 41974K [0x00000000e0000000, 0x0000000100000000)
  region size 1024K, 22 young (22528K), 3 survivors (3072K)
 Metaspace       used 59823K, committed 60416K, reserved 1114112K
  class space    used 8253K, committed 8512K, reserved 1048576K
}
Event: 3.333 GC heap after
{Heap after GC invocations=13 (full 0):
 garbage-first heap   total 58368K, used 25958K [0x00000000e0000000, 0x0000000100000000)
  region size 1024K, 4 young (4096K), 4 survivors (4096K)
 Metaspace       used 59823K, committed 60416K, reserved 1114112K
  class space    used 8253K, committed 8512K, reserved 1048576K
}
Event: 3.631 GC heap before
{Heap before GC invocations=14 (full 0):
 garbage-first heap   total 58368K, used 49510K [0x00000000e0000000, 0x0000000100000000)
  region size 1024K, 27 young (27648K), 4 survivors (4096K)
 Metaspace       used 62288K, committed 62912K, reserved 1114112K
  class space    used 8692K, committed 8960K, reserved 1048576K
}
Event: 3.633 GC heap after
{Heap after GC invocations=15 (full 0):
 garbage-first heap   total 58368K, used 28260K [0x00000000e0000000, 0x0000000100000000)
  region size 1024K, 4 young (4096K), 4 survivors (4096K)
 Metaspace       used 62288K, committed 62912K, reserved 1114112K
  class space    used 8692K, committed 8960K, reserved 1048576K
}

Dll operation events (11 events):
Event: 0.007 Loaded shared library C:\Users\wlsrl\.jdks\openjdk-21.0.1\bin\java.dll
Event: 0.030 Loaded shared library C:\Users\wlsrl\.jdks\openjdk-21.0.1\bin\jsvml.dll
Event: 0.078 Loaded shared library C:\Users\wlsrl\.jdks\openjdk-21.0.1\bin\net.dll
Event: 0.079 Loaded shared library C:\Users\wlsrl\.jdks\openjdk-21.0.1\bin\nio.dll
Event: 0.081 Loaded shared library C:\Users\wlsrl\.jdks\openjdk-21.0.1\bin\zip.dll
Event: 0.119 Loaded shared library C:\Users\wlsrl\.jdks\openjdk-21.0.1\bin\verify.dll
Event: 0.122 Loaded shared library C:\Users\wlsrl\.jdks\openjdk-21.0.1\bin\jimage.dll
Event: 0.291 Loaded shared library C:\Users\wlsrl\.jdks\openjdk-21.0.1\bin\extnet.dll
Event: 0.334 Loaded shared library C:\Users\wlsrl\.jdks\openjdk-21.0.1\bin\sunmscapi.dll
Event: 3.843 Loaded shared library C:\Users\wlsrl\.jdks\openjdk-21.0.1\bin\management.dll
Event: 3.845 Loaded shared library C:\Users\wlsrl\.jdks\openjdk-21.0.1\bin\management_ext.dll

Deoptimization events (20 events):
Event: 3.859 Thread 0x000001e8d239ff90 Uncommon trap: trap_request=0xffffffc6 fr.pc=0x000001e8e47169a8 relative=0x0000000000000ae8
Event: 3.859 Thread 0x000001e8d239ff90 Uncommon trap: reason=bimorphic_or_optimized_type_check action=maybe_recompile pc=0x000001e8e47169a8 method=org.springframework.core.annotation.AnnotationsScanner.isWithoutHierarchy(Ljava/lang/reflect/AnnotatedElement;Lorg/springframework/core/annotation/
Event: 3.859 Thread 0x000001e8d239ff90 DEOPT PACKING pc=0x000001e8e47169a8 sp=0x000000a4d28fc620
Event: 3.859 Thread 0x000001e8d239ff90 DEOPT UNPACKING pc=0x000001e8e3f346a2 sp=0x000000a4d28fc4c0 mode 2
Event: 3.859 Thread 0x000001e8d239ff90 Uncommon trap: trap_request=0xffffffde fr.pc=0x000001e8e472396c relative=0x00000000000013ec
Event: 3.859 Thread 0x000001e8d239ff90 Uncommon trap: reason=class_check action=maybe_recompile pc=0x000001e8e472396c method=org.springframework.core.annotation.AnnotationsScanner.processClassHierarchy(Ljava/lang/Object;[ILjava/lang/Class;Lorg/springframework/core/annotation/AnnotationsProcess
Event: 3.859 Thread 0x000001e8d239ff90 DEOPT PACKING pc=0x000001e8e472396c sp=0x000000a4d28fc430
Event: 3.859 Thread 0x000001e8d239ff90 DEOPT UNPACKING pc=0x000001e8e3f346a2 sp=0x000000a4d28fc420 mode 2
Event: 3.865 Thread 0x000001e8f4653a30 Uncommon trap: trap_request=0xffffff45 fr.pc=0x000001e8e44812e4 relative=0x00000000000000c4
Event: 3.865 Thread 0x000001e8f4653a30 Uncommon trap: reason=unstable_if action=reinterpret pc=0x000001e8e44812e4 method=java.lang.String.charAt(I)C @ 4 c2
Event: 3.865 Thread 0x000001e8f4653a30 DEOPT PACKING pc=0x000001e8e44812e4 sp=0x000000a4d3dfeb30
Event: 3.865 Thread 0x000001e8f4653a30 DEOPT UNPACKING pc=0x000001e8e3f346a2 sp=0x000000a4d3dfead0 mode 2
Event: 3.867 Thread 0x000001e8d239ff90 Uncommon trap: trap_request=0xffffffde fr.pc=0x000001e8e472396c relative=0x00000000000013ec
Event: 3.867 Thread 0x000001e8d239ff90 Uncommon trap: reason=class_check action=maybe_recompile pc=0x000001e8e472396c method=org.springframework.core.annotation.AnnotationsScanner.processClassHierarchy(Ljava/lang/Object;[ILjava/lang/Class;Lorg/springframework/core/annotation/AnnotationsProcess
Event: 3.867 Thread 0x000001e8d239ff90 DEOPT PACKING pc=0x000001e8e472396c sp=0x000000a4d28fccb0
Event: 3.867 Thread 0x000001e8d239ff90 DEOPT UNPACKING pc=0x000001e8e3f346a2 sp=0x000000a4d28fcca0 mode 2
Event: 3.868 Thread 0x000001e8d239ff90 Uncommon trap: trap_request=0xffffffde fr.pc=0x000001e8e472396c relative=0x00000000000013ec
Event: 3.868 Thread 0x000001e8d239ff90 Uncommon trap: reason=class_check action=maybe_recompile pc=0x000001e8e472396c method=org.springframework.core.annotation.AnnotationsScanner.processClassHierarchy(Ljava/lang/Object;[ILjava/lang/Class;Lorg/springframework/core/annotation/AnnotationsProcess
Event: 3.868 Thread 0x000001e8d239ff90 DEOPT PACKING pc=0x000001e8e472396c sp=0x000000a4d28fcc10
Event: 3.868 Thread 0x000001e8d239ff90 DEOPT UNPACKING pc=0x000001e8e3f346a2 sp=0x000000a4d28fcc00 mode 2

Classes loaded (20 events):
Event: 3.854 Loading class java/io/FileReader
Event: 3.854 Loading class java/io/FileReader done
Event: 3.883 Loading class java/lang/ProcessHandle$Info
Event: 3.883 Loading class java/lang/ProcessHandle$Info done
Event: 3.887 Loading class java/lang/instrument/Instrumentation
Event: 3.887 Loading class java/lang/instrument/Instrumentation done
Event: 3.890 Loading class java/util/jar/JarInputStream
Event: 3.890 Loading class java/util/jar/JarInputStream done
Event: 3.891 Loading class sun/security/util/ManifestEntryVerifier
Event: 3.891 Loading class sun/security/util/ManifestEntryVerifier done
Event: 3.892 Loading class java/lang/ProcessBuilder
Event: 3.892 Loading class java/lang/ProcessBuilder done
Event: 3.892 Loading class java/lang/ProcessImpl
Event: 3.893 Loading class java/lang/ProcessImpl done
Event: 3.899 Loading class java/lang/ProcessImpl$2
Event: 3.899 Loading class java/lang/ProcessImpl$2 done
Event: 3.899 Loading class java/lang/Process$PipeInputStream
Event: 3.899 Loading class java/lang/Process$PipeInputStream done
Event: 3.899 Loading class jdk/internal/event/ProcessStartEvent
Event: 3.899 Loading class jdk/internal/event/ProcessStartEvent done

Classes unloaded (0 events):
No events

Classes redefined (0 events):
No events

Internal exceptions (20 events):
Event: 3.392 Thread 0x000001e8d239ff90 Exception <a 'java/lang/IncompatibleClassChangeError'{0x00000000ed2236d0}: Found class java.lang.Object, but interface was expected> (0x00000000ed2236d0) 
thrown [s\open\src\hotspot\share\interpreter\linkResolver.cpp, line 840]
Event: 3.471 Thread 0x000001e8d239ff90 Exception <a 'java/lang/NoSuchMethodError'{0x00000000e2ef37b0}: 'java.lang.Object java.lang.invoke.DirectMethodHandle$Holder.invokeVirtual(java.lang.Object, java.lang.Object, java.lang.Object, java.lang.Object, java.lang.Object, java.lang.Object)'> (0x00000000e2ef37b0) 
thrown [s\open\src\hotspot\share\interpreter\linkResolver.cpp, line 773]
Event: 3.479 Thread 0x000001e8d239ff90 Exception <a 'java/lang/NoSuchMethodError'{0x00000000e2d6ef78}: 'void java.lang.invoke.DirectMethodHandle$Holder.invokeInterface(java.lang.Object, java.lang.Object, int)'> (0x00000000e2d6ef78) 
thrown [s\open\src\hotspot\share\interpreter\linkResolver.cpp, line 773]
Event: 3.482 Thread 0x000001e8d239ff90 Exception <a 'java/lang/IncompatibleClassChangeError'{0x00000000e2db0288}: Found class java.lang.Object, but interface was expected> (0x00000000e2db0288) 
thrown [s\open\src\hotspot\share\interpreter\linkResolver.cpp, line 840]
Event: 3.482 Thread 0x000001e8d239ff90 Exception <a 'java/lang/NoSuchMethodError'{0x00000000e2dbe4d0}: 'int java.lang.invoke.DirectMethodHandle$Holder.invokeSpecialIFC(java.lang.Object, java.lang.Object, java.lang.Object)'> (0x00000000e2dbe4d0) 
thrown [s\open\src\hotspot\share\interpreter\linkResolver.cpp, line 773]
Event: 3.483 Thread 0x000001e8d239ff90 Exception <a 'java/lang/NoSuchMethodError'{0x00000000e2dcaa98}: 'void java.lang.invoke.DirectMethodHandle$Holder.invokeStatic(java.lang.Object, int, java.lang.Object)'> (0x00000000e2dcaa98) 
thrown [s\open\src\hotspot\share\interpreter\linkResolver.cpp, line 773]
Event: 3.536 Thread 0x000001e8d239ff90 Exception <a 'java/lang/NoSuchMethodError'{0x00000000e280c6e0}: 'java.lang.Object java.lang.invoke.DirectMethodHandle$Holder.newInvokeSpecial(java.lang.Object, java.lang.Object, java.lang.Object, java.lang.Object, java.lang.Object, java.lang.Object, java.lang.Object, java.lang.Object)'> (0x00000000e280c6e0) 
thrown [s\open\src\hotspot\share\interpreter\linkResolver.cpp, line 773]
Event: 3.683 Thread 0x000001e8d239ff90 Exception <a 'java/lang/IncompatibleClassChangeError'{0x00000000ed001538}: Found class java.lang.Object, but interface was expected> (0x00000000ed001538) 
thrown [s\open\src\hotspot\share\interpreter\linkResolver.cpp, line 840]
Event: 3.709 Thread 0x000001e8d239ff90 Exception <a 'java/lang/NoSuchMethodError'{0x00000000ecfaa7b0}: 'void java.lang.invoke.DirectMethodHandle$Holder.invokeVirtual(java.lang.Object, java.lang.Object, long)'> (0x00000000ecfaa7b0) 
thrown [s\open\src\hotspot\share\interpreter\linkResolver.cpp, line 773]
Event: 3.756 Thread 0x000001e8d239ff90 Exception <a 'java/lang/NoSuchMethodError'{0x00000000e2e13df8}: 'int java.lang.invoke.DirectMethodHandle$Holder.invokeStaticInit(java.lang.Object, java.lang.Object, java.lang.Object, java.lang.Object)'> (0x00000000e2e13df8) 
thrown [s\open\src\hotspot\share\interpreter\linkResolver.cpp, line 773]
Event: 3.759 Thread 0x000001e8d239ff90 Implicit null exception at 0x000001e8e46805bb to 0x000001e8e4680bfa
Event: 3.773 Thread 0x000001e8d239ff90 Exception <a 'java/lang/IncompatibleClassChangeError'{0x00000000e2d2cc18}: Found class java.lang.Object, but interface was expected> (0x00000000e2d2cc18) 
thrown [s\open\src\hotspot\share\interpreter\linkResolver.cpp, line 840]
Event: 3.778 Thread 0x000001e8d239ff90 Implicit null exception at 0x000001e8e4621468 to 0x000001e8e462168c
Event: 3.834 Thread 0x000001e8d239ff90 Exception <a 'java/lang/NoSuchMethodError'{0x00000000e284c8d8}: 'java.lang.Object java.lang.invoke.DirectMethodHandle$Holder.newInvokeSpecial(java.lang.Object, java.lang.Object, int, java.lang.Object, java.lang.Object)'> (0x00000000e284c8d8) 
thrown [s\open\src\hotspot\share\interpreter\linkResolver.cpp, line 773]
Event: 3.835 Thread 0x000001e8d239ff90 Exception <a 'java/lang/NoSuchMethodError'{0x00000000e2857c58}: 'java.lang.Object java.lang.invoke.DirectMethodHandle$Holder.invokeSpecial(java.lang.Object, java.lang.Object, int, java.lang.Object, int, java.lang.Object)'> (0x00000000e2857c58) 
thrown [s\open\src\hotspot\share\interpreter\linkResolver.cpp, line 773]
Event: 3.835 Thread 0x000001e8d239ff90 Exception <a 'java/lang/NoSuchMethodError'{0x00000000e285f2a8}: 'java.lang.Object java.lang.invoke.DirectMethodHandle$Holder.newInvokeSpecial(java.lang.Object, java.lang.Object, int, java.lang.Object, int)'> (0x00000000e285f2a8) 
thrown [s\open\src\hotspot\share\interpreter\linkResolver.cpp, line 773]
Event: 3.835 Thread 0x000001e8d239ff90 Exception <a 'java/lang/NoSuchMethodError'{0x00000000e2863630}: 'java.lang.Object java.lang.invoke.DirectMethodHandle$Holder.invokeSpecial(java.lang.Object, java.lang.Object, java.lang.Object, int, java.lang.Object, int)'> (0x00000000e2863630) 
thrown [s\open\src\hotspot\share\interpreter\linkResolver.cpp, line 773]
Event: 3.882 Thread 0x000001e8d239ff90 Exception <a 'java/lang/NoSuchMethodError'{0x00000000e2675fa0}: method resolution failed> (0x00000000e2675fa0) 
thrown [s\open\src\hotspot\share\prims\methodHandles.cpp, line 1144]
Event: 3.887 Thread 0x000001e8d239ff90 Exception <a 'java/lang/NoSuchMethodError'{0x00000000e26b0240}: 'long java.lang.invoke.DelegatingMethodHandle$Holder.reinvoke_L(java.lang.Object, java.lang.Object)'> (0x00000000e26b0240) 
thrown [s\open\src\hotspot\share\interpreter\linkResolver.cpp, line 773]
Event: 3.898 Thread 0x000001e8d239ff90 Exception <a 'java/lang/NoSuchMethodError'{0x00000000e26d9bc8}: 'void java.lang.invoke.DirectMethodHandle$Holder.invokeStatic(java.lang.Object, long)'> (0x00000000e26d9bc8) 
thrown [s\open\src\hotspot\share\interpreter\linkResolver.cpp, line 773]

ZGC Phase Switch (0 events):
No events

VM Operations (20 events):
Event: 3.408 Executing VM operation: HandshakeAllThreads (Deoptimize)
Event: 3.408 Executing VM operation: HandshakeAllThreads (Deoptimize) done
Event: 3.541 Executing VM operation: ICBufferFull
Event: 3.541 Executing VM operation: ICBufferFull done
Event: 3.580 Executing VM operation: HandshakeAllThreads (Deoptimize)
Event: 3.580 Executing VM operation: HandshakeAllThreads (Deoptimize) done
Event: 3.597 Executing VM operation: HandshakeAllThreads (Deoptimize)
Event: 3.597 Executing VM operation: HandshakeAllThreads (Deoptimize) done
Event: 3.631 Executing VM operation: G1CollectForAllocation (G1 Evacuation Pause)
Event: 3.633 Executing VM operation: G1CollectForAllocation (G1 Evacuation Pause) done
Event: 3.722 Executing VM operation: HandshakeAllThreads (Deoptimize)
Event: 3.722 Executing VM operation: HandshakeAllThreads (Deoptimize) done
Event: 3.817 Executing VM operation: HandshakeAllThreads (Deoptimize)
Event: 3.817 Executing VM operation: HandshakeAllThreads (Deoptimize) done
Event: 3.818 Executing VM operation: HandshakeAllThreads (Deoptimize)
Event: 3.818 Executing VM operation: HandshakeAllThreads (Deoptimize) done
Event: 3.824 Executing VM operation: HandshakeAllThreads (Deoptimize)
Event: 3.824 Executing VM operation: HandshakeAllThreads (Deoptimize) done
Event: 3.890 Executing VM operation: HandshakeAllThreads (Deoptimize)
Event: 3.890 Executing VM operation: HandshakeAllThreads (Deoptimize) done

Events (20 events):
Event: 3.344 Thread 0x000001e8ef5d2090 flushing nmethod 0x000001e8e4576b90
Event: 3.344 Thread 0x000001e8ef5d2090 flushing nmethod 0x000001e8e45bf510
Event: 3.344 Thread 0x000001e8ef5d2090 flushing nmethod 0x000001e8e454c610
Event: 3.344 Thread 0x000001e8ef5d2090 flushing nmethod 0x000001e8e456aa90
Event: 3.344 Thread 0x000001e8ef5d2090 flushing nmethod 0x000001e8e45a9710
Event: 3.344 Thread 0x000001e8ef5d2090 flushing nmethod 0x000001e8e4574810
Event: 3.344 Thread 0x000001e8ef5d2090 flushing nmethod 0x000001e8e45a8290
Event: 3.344 Thread 0x000001e8ef5d2090 flushing nmethod 0x000001e8e457fa10
Event: 3.344 Thread 0x000001e8ef5d2090 flushing nmethod 0x000001e8e44f4290
Event: 3.344 Thread 0x000001e8ef5d2090 flushing nmethod 0x000001e8e450f390
Event: 3.344 Thread 0x000001e8ef5d2090 flushing nmethod 0x000001e8e450e590
Event: 3.344 Thread 0x000001e8ef5d2090 flushing nmethod 0x000001e8e450e210
Event: 3.344 Thread 0x000001e8ef5d2090 flushing nmethod 0x000001e8e450dc10
Event: 3.344 Thread 0x000001e8ef5d2090 flushing nmethod 0x000001e8e4521210
Event: 3.344 Thread 0x000001e8ef5d2090 flushing nmethod 0x000001e8e4519490
Event: 3.344 Thread 0x000001e8ef5d2090 flushing nmethod 0x000001e8e452db90
Event: 3.344 Thread 0x000001e8ef5d2090 flushing nmethod 0x000001e8e44d5090
Event: 3.344 Thread 0x000001e8ef5d2090 flushing nmethod 0x000001e8e44ea810
Event: 3.344 Thread 0x000001e8ef5d2090 flushing nmethod 0x000001e8e44c0910
Event: 3.344 Thread 0x000001e8ef5d2090 flushing nmethod 0x000001e8e44bd210


Dynamic libraries:
0x00007ff601c10000 - 0x00007ff601c1e000 	C:\Users\wlsrl\.jdks\openjdk-21.0.1\bin\java.exe
0x00007ffbbbd70000 - 0x00007ffbbbf87000 	C:\WINDOWS\SYSTEM32\ntdll.dll
0x00007ffbbb0e0000 - 0x00007ffbbb1a4000 	C:\WINDOWS\System32\KERNEL32.DLL
0x00007ffbb92f0000 - 0x00007ffbb9696000 	C:\WINDOWS\System32\KERNELBASE.dll
0x00007ffbb96a0000 - 0x00007ffbb97b1000 	C:\WINDOWS\System32\ucrtbase.dll
0x00007ffbab8e0000 - 0x00007ffbab8f8000 	C:\Users\wlsrl\.jdks\openjdk-21.0.1\bin\jli.dll
0x00007ffbab8a0000 - 0x00007ffbab8bb000 	C:\Users\wlsrl\.jdks\openjdk-21.0.1\bin\VCRUNTIME140.dll
0x00007ffbba7e0000 - 0x00007ffbba98e000 	C:\WINDOWS\System32\USER32.dll
0x00007ffbb97c0000 - 0x00007ffbb97e6000 	C:\WINDOWS\System32\win32u.dll
0x00007ffbbb230000 - 0x00007ffbbb259000 	C:\WINDOWS\System32\GDI32.dll
0x00007ffbb91d0000 - 0x00007ffbb92e8000 	C:\WINDOWS\System32\gdi32full.dll
0x00007ffbb9a20000 - 0x00007ffbb9aba000 	C:\WINDOWS\System32\msvcp_win.dll
0x00007ffba6d40000 - 0x00007ffba6fd3000 	C:\WINDOWS\WinSxS\amd64_microsoft.windows.common-controls_6595b64144ccf1df_6.0.22621.2506_none_270c5ae97388e100\COMCTL32.dll
0x00007ffbbb590000 - 0x00007ffbbb637000 	C:\WINDOWS\System32\msvcrt.dll
0x00007ffbbb490000 - 0x00007ffbbb4c1000 	C:\WINDOWS\System32\IMM32.DLL
0x00007ffbb5df0000 - 0x00007ffbb5dfc000 	C:\Users\wlsrl\.jdks\openjdk-21.0.1\bin\vcruntime140_1.dll
0x00007ffb9a050000 - 0x00007ffb9a0de000 	C:\Users\wlsrl\.jdks\openjdk-21.0.1\bin\msvcp140.dll
0x00007ffb77a60000 - 0x00007ffb78775000 	C:\Users\wlsrl\.jdks\openjdk-21.0.1\bin\server\jvm.dll
0x00007ffbbb4d0000 - 0x00007ffbbb583000 	C:\WINDOWS\System32\ADVAPI32.dll
0x00007ffbba990000 - 0x00007ffbbaa38000 	C:\WINDOWS\System32\sechost.dll
0x00007ffbb91a0000 - 0x00007ffbb91c8000 	C:\WINDOWS\System32\bcrypt.dll
0x00007ffbba5c0000 - 0x00007ffbba6d7000 	C:\WINDOWS\System32\RPCRT4.dll
0x00007ffbba530000 - 0x00007ffbba5a1000 	C:\WINDOWS\System32\WS2_32.dll
0x00007ffbb7f30000 - 0x00007ffbb7f7d000 	C:\WINDOWS\SYSTEM32\POWRPROF.dll
0x00007ffbae3e0000 - 0x00007ffbae414000 	C:\WINDOWS\SYSTEM32\WINMM.dll
0x00007ffbb2970000 - 0x00007ffbb297a000 	C:\WINDOWS\SYSTEM32\VERSION.dll
0x00007ffbb7f10000 - 0x00007ffbb7f23000 	C:\WINDOWS\SYSTEM32\UMPDC.dll
0x00007ffbb81d0000 - 0x00007ffbb81e8000 	C:\WINDOWS\SYSTEM32\kernel.appcore.dll
0x00007ffbac3b0000 - 0x00007ffbac3ba000 	C:\Users\wlsrl\.jdks\openjdk-21.0.1\bin\jimage.dll
0x00007ffba9af0000 - 0x00007ffba9d23000 	C:\WINDOWS\SYSTEM32\DBGHELP.DLL
0x00007ffbbab30000 - 0x00007ffbbaeb9000 	C:\WINDOWS\System32\combase.dll
0x00007ffbbaa50000 - 0x00007ffbbab27000 	C:\WINDOWS\System32\OLEAUT32.dll
0x00007ffba5160000 - 0x00007ffba5192000 	C:\WINDOWS\SYSTEM32\dbgcore.DLL
0x00007ffbb90b0000 - 0x00007ffbb912a000 	C:\WINDOWS\System32\bcryptPrimitives.dll
0x00007ffbaab30000 - 0x00007ffbaab4f000 	C:\Users\wlsrl\.jdks\openjdk-21.0.1\bin\java.dll
0x00007ffbb9bb0000 - 0x00007ffbba40a000 	C:\WINDOWS\System32\SHELL32.dll
0x00007ffbb7000000 - 0x00007ffbb78f6000 	C:\WINDOWS\SYSTEM32\windows.storage.dll
0x00007ffbb6ec0000 - 0x00007ffbb6ffe000 	C:\WINDOWS\SYSTEM32\wintypes.dll
0x00007ffbba6e0000 - 0x00007ffbba7d3000 	C:\WINDOWS\System32\SHCORE.dll
0x00007ffbbaec0000 - 0x00007ffbbaf1e000 	C:\WINDOWS\System32\shlwapi.dll
0x00007ffbb8fe0000 - 0x00007ffbb9006000 	C:\WINDOWS\SYSTEM32\profapi.dll
0x00007ffb99f70000 - 0x00007ffb9a047000 	C:\Users\wlsrl\.jdks\openjdk-21.0.1\bin\jsvml.dll
0x00007ffbab8d0000 - 0x00007ffbab8e0000 	C:\Users\wlsrl\.jdks\openjdk-21.0.1\bin\net.dll
0x00007ffbb2bc0000 - 0x00007ffbb2cf7000 	C:\WINDOWS\SYSTEM32\WINHTTP.dll
0x00007ffbb8650000 - 0x00007ffbb86b9000 	C:\WINDOWS\system32\mswsock.dll
0x00007ffba9380000 - 0x00007ffba9396000 	C:\Users\wlsrl\.jdks\openjdk-21.0.1\bin\nio.dll
0x00007ffba8dc0000 - 0x00007ffba8dd8000 	C:\Users\wlsrl\.jdks\openjdk-21.0.1\bin\zip.dll
0x00007ffba8640000 - 0x00007ffba8650000 	C:\Users\wlsrl\.jdks\openjdk-21.0.1\bin\verify.dll
0x00007ffba8710000 - 0x00007ffba8717000 	C:\Users\wlsrl\.jdks\openjdk-21.0.1\bin\extnet.dll
0x00007ffba8050000 - 0x00007ffba805e000 	C:\Users\wlsrl\.jdks\openjdk-21.0.1\bin\sunmscapi.dll
0x00007ffbb98b0000 - 0x00007ffbb9a16000 	C:\WINDOWS\System32\CRYPT32.dll
0x00007ffbb8a60000 - 0x00007ffbb8a8e000 	C:\WINDOWS\SYSTEM32\ncrypt.dll
0x00007ffbb8a20000 - 0x00007ffbb8a57000 	C:\WINDOWS\SYSTEM32\NTASN1.dll
0x00007ffba9370000 - 0x00007ffba9378000 	C:\WINDOWS\system32\wshunix.dll
0x00007ffbb88a0000 - 0x00007ffbb88bb000 	C:\WINDOWS\SYSTEM32\CRYPTSP.dll
0x00007ffbb8130000 - 0x00007ffbb8165000 	C:\WINDOWS\system32\rsaenh.dll
0x00007ffbb8740000 - 0x00007ffbb876c000 	C:\WINDOWS\SYSTEM32\USERENV.dll
0x00007ffbb88c0000 - 0x00007ffbb88cc000 	C:\WINDOWS\SYSTEM32\CRYPTBASE.dll
0x00007ffbb7b60000 - 0x00007ffbb7b8d000 	C:\WINDOWS\SYSTEM32\IPHLPAPI.DLL
0x00007ffbbb0d0000 - 0x00007ffbbb0d9000 	C:\WINDOWS\System32\NSI.dll
0x00007ffba80d0000 - 0x00007ffba80da000 	C:\Users\wlsrl\.jdks\openjdk-21.0.1\bin\management.dll
0x00007ffba80c0000 - 0x00007ffba80cb000 	C:\Users\wlsrl\.jdks\openjdk-21.0.1\bin\management_ext.dll
0x00007ffbbaa40000 - 0x00007ffbbaa48000 	C:\WINDOWS\System32\PSAPI.DLL

dbghelp: loaded successfully - version: 4.0.5 - missing functions: none
symbol engine: initialized successfully - sym options: 0x614 - pdb path: .;C:\Users\wlsrl\.jdks\openjdk-21.0.1\bin;C:\WINDOWS\SYSTEM32;C:\WINDOWS\WinSxS\amd64_microsoft.windows.common-controls_6595b64144ccf1df_6.0.22621.2506_none_270c5ae97388e100;C:\Users\wlsrl\.jdks\openjdk-21.0.1\bin\server

VM Arguments:
jvm_args: -Dorg.gradle.internal.worker.tmpdir=C:\Users\wlsrl\Desktop\Java Study\myblog\build\tmp\test\work -Dorg.gradle.native=false -Xmx512m -Dfile.encoding=UTF-8 -Duser.country=KR -Duser.language=ko -Duser.variant -ea 
java_command: worker.org.gradle.process.internal.worker.GradleWorkerMain 'Gradle Test Executor 3'
java_class_path (initial): C:\Users\wlsrl\.gradle\caches\8.5\workerMain\gradle-worker.jar;C:\Users\wlsrl\Desktop\Java Study\myblog\build\classes\java\test;C:\Users\wlsrl\Desktop\Java Study\myblog\build\classes\java\main;C:\Users\wlsrl\Desktop\Java Study\myblog\build\resources\main;C:\Users\wlsrl\.gradle\caches\modules-2\files-2.1\org.springframework.boot\spring-boot-starter-data-jpa\3.2.1\3d48124f433375cf0113aa69603021635b55a21a\spring-boot-starter-data-jpa-3.2.1.jar;C:\Users\wlsrl\.gradle\caches\modules-2\files-2.1\org.springframework.boot\spring-boot-starter-web\3.2.1\e27e36d4222fd4d589e634e1c7f5f09f0316147c\spring-boot-starter-web-3.2.1.jar;C:\Users\wlsrl\.gradle\caches\modules-2\files-2.1\org.springframework.boot\spring-boot-starter-validation\3.2.1\54a35ea1de2c7de2c701e93740228240218cc9dd\spring-boot-starter-validation-3.2.1.jar;C:\Users\wlsrl\.gradle\caches\modules-2\files-2.1\com.h2database\h2\2.2.224\7bdade27d8cd197d9b5ce9dc251f41d2edc5f7ad\h2-2.2.224.jar;C:\Users\wlsrl\.gradle\caches\modules-2\files-2.1\org.springframework.boot\spring-boot-starter-test\3.2.1\e6a20062864e3a9a0bba0ac3b0c5a819453045b9\spring-boot-starter-test-3.2.1.jar;C:\Users\wlsrl\.gradle\caches\modules-2\files-2.1\org.springframework.boot\spring-boot-starter-aop\3.2.1\e8daf5422a28d8b2e304a00090a8fe730bda0e6c\spring-boot-starter-aop-3.2.1.jar;C:\Users\wlsrl\.gradle\caches\modules-2\files-2.1\org.springframework.boot\spring-boot-starter-jdbc\3.2.1\e3de1c46cd238d55f0c2a5f5ea416fadce000318\spring-boot-starter-jdbc-3.2.1.jar;C:\Users\wlsrl\.gradle\caches\modules-2\files-2.1\org.hibernate.orm\hibernate-core\6.4.1.Final\3dcefddf6609e6491d37208bcc0cab1273598cbd\hibernate-core-6.4.1.Final.jar;C:\Users\wlsrl\.gradle\caches\modules-2\files-2.1\org.springframework.data\spring-data-jpa\3.2.1\230869eb3094a2eb1cb0b077f7990e7f47062f53\spring-data-jpa-3.2.1.jar;C:\Users\wlsrl\.gradle\caches\modules-2\files-2.1\org.springframework\spring-aspects\6.1.2\423247e0be90804888668ea16d7e7f0d9168a7b9\spring-aspects-6.1.2.jar;C:\Users\wlsrl\.gradle\caches\modules-2\files-2.1\org.springframework.boot\spring-boot-starter-json\3.2.1\ecda50de20ab6d3c49ea30df4c1982048f5d31ac\spring-boot-starter-json-3.2.1.jar;C:\Users\wlsrl\.gradle\caches\modules-2\files-2.1\org.springframework.boot\spring-boot-starter\3.2.1\bc03d7075fb9d9d4877218db48d5dae3dd72a65d\spring-boot-starter-3.2.1.jar;C:\Users\wlsrl\.gradle\caches\modules-2\files-2.1\org.springframework.boot\spring-boot-starter-tomcat\3.2.1\d8efc48034015522958cb3fea5831b4cbcd4fcfb\spring-boot-starter-tomcat-3.2.1.jar;C:\Users\wlsrl\.gradle\caches\modules-2\files-2.1\org.springframework\spring-webmvc\6.1.2\906ee995372076e22ef9666d8628845c75bf5c42\spring-webmvc-6.1.2.jar;C:\Users\wlsrl\.gradle\caches\modules-2\files-2.1\org.springframework\spring-web\6.1.2\f26b98778376cc39afb04fbb6fdd7543bef89f2\spring-web-6.1.2.jar;C:\Users\wlsrl\.gradle\caches\modules-2\files-2.1\org.apache.tomcat.embed\tomcat-embed-el\10.1.17\9ad7312421535d7d3aabe0f541e852baccb59726\tomcat-embed-el-10.1.17.jar;C:\Users\wlsrl\.gradle\caches\modules-2\files-2.1\org.hibernate.validator\hibernate-validator\8.0.1.Final\e49e116b3d3928060599b176b3538bb848718e95\hibernate-validator-8.0.1.Final.jar;C:\Users\wlsrl\.gradle\caches\modules-2\files-2.1\org.springframework.boot\spring-boot-test-autoconfigure\3.2.1\bfc34c523b3ab295fb01f46373e903f9729cdd43\spring-boot-test-autoconfigure-3.2.1.jar;C:\Users\wlsrl\.gradle\caches\modules-2\files-2.1\org.springframework.boot\spring-boot-test\3.2.1\142fbe3cfe3370c57d0ed55cca0d8d96e1d6f26e\spring-boot-test-3.2.1.jar;C:\Users\wlsrl\.gradle\caches\modules-2\files-2.1\com.jayway.jsonpath\json-path\2.8.0\b4ab3b7a9e425655a0ca65487bbbd6d7ddb75160\json-path-2.8.0.jar;C:\Users\wlsrl\.gradle\caches\modules-2\files-2.1\org.glassfish.jaxb\jaxb-runtime\4.0.4\7180c50ef8bd127bb1dd645458b906cffcf6c2b5\jaxb-runtime-4.0.4.jar;C:\Users\wlsrl\.gradle\caches\modules-2\files-2.1\org.glassfish.jaxb\jaxb-core\4.0.4\2d5aadd02af86f1e9d8c6f7e8501673f915d4e25\jaxb-core-4.0.4.jar;C:\Users\wlsrl\.gradle\caches\modules-2\files-2.1\jakarta.xml.bind\jakarta.xml.bind-api\4.0.1\ca2330866cbc624c7e5ce982e121db1125d23e15\jakarta.xml.bind-api-4.0.1.jar;C:\Users\wlsrl\.gradle\caches\modules-2\files-2.1\net.minidev\json-smart\2.5.0\57a64f421b472849c40e77d2e7cce3a141b41e99\json-smart-2.5.0.jar;C:\Users\wlsrl\.gradle\caches\modules-2\files-2.1\org.assertj\assertj-core\3.24.2\ebbf338e33f893139459ce5df023115971c2786f\assertj-core-3.24.2.jar;C:\Users\wlsrl\.gradle\caches\modules-2\files-2.1\org.awaitility\awaitility\4.2.0\2c39784846001a9cffd6c6b89c78de62c0d80fb8\awaitility-4.2.0.jar;C:\Users\wlsrl\.gradle\caches\modules-2\files-2.1\org.hamcrest\hamcrest\2.2\1820c0968dba3a11a1b30669bb1f01978a91dedc\hamcrest-2.2.jar;C:\Users\wlsrl\.gradle\caches\modules-2\files-2.1\org.mockito\mockito-junit-jupiter\5.7.0\ac2d6a3431747a7986b8f4abef465f72bf3a21ae\mockito-junit-jupiter-5.7.0.jar;C:\Users\wlsrl\.gradle\caches\modules-2\files-2.1\org.junit.jupiter\junit-jupiter-params\5.10.1\c8f15d4e99940c4564098af78c10809c00fdca06\junit-jupiter-params-5.10.1.jar;C:\Users\wlsrl\.gradle\caches\modules-2\files-2.1\org.junit.jupiter\junit-jupiter-engine\5.10.1\6c9ff773f9aa842b91d1f2fe4658973252ce2428\junit-jupiter-engine-5.10.1.jar;C:\Users\wlsrl\.gradle\caches\modules-2\files-2.1\org.junit.jupiter\junit-jupiter-api\5.10.1\eb90c7d8bfaae8fdc97b225733fcb595ddd72843\junit-jupiter-api-5.10.1.jar;C:\Users\wlsrl\.gradle\caches\modules-2\files-2.1\org.junit.platform\junit-platform-engine\1.10.1\f32ae4af74fde68414b8a3d2b7cf1fb43824a83a\junit-platform-engine-1.10.1.jar;C:\Users\wlsrl\.gradle\caches\modules-2\files-2.1\org.junit.platform\junit-platform-commons\1.10.1\2bfcd4a4e38b10c671b6916d7e543c20afe25579\junit-platform-commons-1.10.1.jar;C:\Users\wlsrl\.gradle\caches\modules-2\files-2.1\org.junit.jupiter\junit-jupiter\5.10.1\6e5c7dd668d6349cb99e52ab8321e73479a309bc\junit-jupiter-5.10.1.jar;C:\Users\wlsrl\.gradle\caches\modules-2\files-2.1\org.mockito\mockito-core\5.7.0\a1c258331ab91d66863c983aff7136357e9de056\mockito-core-5.7.0.jar;C:\Users\wlsrl\.gradle\caches\modules-2\files-2.1\org.skyscreamer\jsonassert\1.5.1\6d842d0faf4cf6725c509a5e5347d319ee0431c3\jsonassert-1.5.1.jar;C:\Users\wlsrl\.gradle\caches\modules-2\files-2.1\org.springframework\spring-test\6.1.2\c393079051398e02c20d8b24e02822f365123719\spring-test-6.1.2.jar;C:\Users\wlsrl\.gradle\caches\modules-2\files-2.1\org.springframework.boot\spring-boot-autoconfigure\3.2.1\b100d2d21d45dddd740d496357ca6f3813d777d0\spring-boot-autoconfigure-3.2.1.jar;C:\Users\wlsrl\.gradle\caches\modules-2\files-2.1\org.springframework.boot\spring-boot\3.2.1\faa2ce019bee68a8d17529d0a08ebc427f927e13\spring-boot-3.2.1.jar;C:\Users\wlsrl\.gradle\caches\modules-2\files-2.1\org.springframework\spring-context\6.1.2\15df19852991220556b4462a366269b8e15278eb\spring-context-6.1.2.jar;C:\Users\wlsrl\.gradle\caches\modules-2\files-2.1\org.springframework\spring-aop\6.1.2\a247bd81df8fa9c6a002b95969692bfd146a70b2\spring-aop-6.1.2.jar;C:\Users\wlsrl\.gradle\caches\modules-2\files-2.1\org.springframework\spring-orm\6.1.2\32d93c8762b828e9017429528879d5f57be83b8f\spring-orm-6.1.2.jar;C:\Users\wlsrl\.gradle\caches\modules-2\files-2.1\org.springframework\spring-jdbc\6.1.2\2c9b37e4cc9bfd7e413d4685f09b6c5447d75638\spring-jdbc-6.1.2.jar;C:\Users\wlsrl\.gradle\caches\modules-2\files-2.1\org.springframework.data\spring-data-commons\3.2.1\5983faa6a0f8b3a11a0cfc2ce1fabd43379a02d2\spring-data-commons-3.2.1.jar;C:\Users\wlsrl\.gradle\caches\modules-2\files-2.1\org.springframework\spring-tx\6.1.2\48b9ff81c43345320779b402f1bb33b9f46ec4e9\spring-tx-6.1.2.jar;C:\Users\wlsrl\.gradle\caches\modules-2\files-2.1\org.springframework\spring-beans\6.1.2\abf52f2254975a3b1e95b2b63fb8b01d891cdc51\spring-beans-6.1.2.jar;C:\Users\wlsrl\.gradle\caches\modules-2\files-2.1\org.springframework\spring-expression\6.1.2\98786397734b27b7c8843a6b01a7fa34d40d6806\spring-expression-6.1.2.jar;C:\Users\wlsrl\.gradle\caches\modules-2\files-2.1\org.springframework\spring-core\6.1.2\e43c71a9eaca454654621f7d272f15b53c68d583\spring-core-6.1.2.jar;C:\Users\wlsrl\.gradle\caches\modules-2\files-2.1\org.xmlunit\xmlunit-core\2.9.1\e5833662d9a1279a37da3ef6f62a1da29fcd68c4\xmlunit-core-2.9.1.jar;C:\Users\wlsrl\.gradle\caches\modules-2\files-2.1\org.aspectj\aspectjweaver\1.9.21\beaabaea95c7f3330f415c72ee0ffe79b51d172f\aspectjweaver-1.9.21.jar;C:\Users\wlsrl\.gradle\caches\modules-2\files-2.1\com.zaxxer\HikariCP\5.0.1\a74c7f0a37046846e88d54f7cb6ea6d565c65f9c\HikariCP-5.0.1.jar;C:\Users\wlsrl\.gradle\caches\modules-2\files-2.1\jakarta.persistence\jakarta.persistence-api\3.1.0\66901fa1c373c6aff65c13791cc11da72060a8d6\jakarta.persistence-api-3.1.0.jar;C:\Users\wlsrl\.gradle\caches\modules-2\files-2.1\jakarta.transaction\jakarta.transaction-api\2.0.1\51a520e3fae406abb84e2e1148e6746ce3f80a1a\jakarta.transaction-api-2.0.1.jar;C:\Users\wlsrl\.gradle\caches\modules-2\files-2.1\org.jboss.logging\jboss-logging\3.5.3.Final\c88fc1d8a96d4c3491f55d4317458ccad53ca663\jboss-logging-3.5.3.Final.jar;C:\Users\wlsrl\.gradle\caches\modules-2\files-2.1\org.hibernate.common\hibernate-commons-annotations\6.0.6.Final\77a5f94b56d49508e0ee334751db5b78e5ccd50c\hibernate-commons-annotations-6.0.6.Final.jar;C:\Users\wlsrl\.gradle\caches\modules-2\files-2.1\io.smallrye\jandex\3.1.2\a6c1c89925c7df06242b03dddb353116ceb9584c\jandex-3.1.2.jar;C:\Users\wlsrl\.gradle\caches\modules-2\files-2.1\com.fasterxml\classmate\1.6.0\91affab6f84a2182fce5dd72a8d01bc14346dddd\classmate-1.6.0.jar;C:\Users\wlsrl\.gradle\caches\modules-2\files-2.1\net.bytebuddy\byte-buddy\1.14.10\8117daf4a612122eb4f517f66adff778cb8b4737\byte-buddy-1.14.10.jar;C:\Users\wlsrl\.gradle\caches\modules-2\files-2.1\jakarta.inject\jakarta.inject-api\2.0.1\4c28afe1991a941d7702fe1362c365f0a8641d1e\jakarta.inject-api-2.0.1.jar;C:\Users\wlsrl\.gradle\caches\modules-2\files-2.1\org.antlr\antlr4-runtime\4.13.0\5a02e48521624faaf5ff4d99afc88b01686af655\antlr4-runtime-4.13.0.jar;C:\Users\wlsrl\.gradle\caches\modules-2\files-2.1\jakarta.annotation\jakarta.annotation-api\2.1.1\48b9bda22b091b1f48b13af03fe36db3be6e1ae3\jakarta.annotation-api-2.1.1.jar;C:\Users\wlsrl\.gradle\caches\modules-2\files-2.1\org.springframework.boot\spring-boot-starter-logging\3.2.1\df8ec78dc87885298998ca3c9bd603ee7bfe5b8\spring-boot-starter-logging-3.2.1.jar;C:\Users\wlsrl\.gradle\caches\modules-2\files-2.1\ch.qos.logback\logback-classic\1.4.14\d98bc162275134cdf1518774da4a2a17ef6fb94d\logback-classic-1.4.14.jar;C:\Users\wlsrl\.gradle\caches\modules-2\files-2.1\org.apache.logging.log4j\log4j-to-slf4j\2.21.1\d77b2ba81711ed596cd797cc2b5b5bd7409d841c\log4j-to-slf4j-2.21.1.jar;C:\Users\wlsrl\.gradle\caches\modules-2\files-2.1\org.slf4j\jul-to-slf4j\2.0.9\9ef7c70b248185845f013f49a33ff9ca65b7975\jul-to-slf4j-2.0.9.jar;C:\Users\wlsrl\.gradle\caches\modules-2\files-2.1\org.slf4j\slf4j-api\2.0.9\7cf2726fdcfbc8610f9a71fb3ed639871f315340\slf4j-api-2.0.9.jar;C:\Users\wlsrl\.gradle\caches\modules-2\files-2.1\org.yaml\snakeyaml\2.2\3af797a25458550a16bf89acc8e4ab2b7f2bfce0\snakeyaml-2.2.jar;C:\Users\wlsrl\.gradle\caches\modules-2\files-2.1\com.fasterxml.jackson.datatype\jackson-datatype-jsr310\2.15.3\4a20a0e104931bfa72f24ef358c2eb63f1ef2aaf\jackson-datatype-jsr310-2.15.3.jar;C:\Users\wlsrl\.gradle\caches\modules-2\files-2.1\com.fasterxml.jackson.module\jackson-module-parameter-names\2.15.3\8d251b90c5358677e7d8161e0c2488e6f84f49da\jackson-module-parameter-names-2.15.3.jar;C:\Users\wlsrl\.gradle\caches\modules-2\files-2.1\com.fasterxml.jackson.core\jackson-annotations\2.15.3\79baf4e605eb3bbb60b1c475d44a7aecceea1d60\jackson-annotations-2.15.3.jar;C:\Users\wlsrl\.gradle\caches\modules-2\files-2.1\com.fasterxml.jackson.core\jackson-core\2.15.3\60d600567c1862840397bf9ff5a92398edc5797b\jackson-core-2.15.3.jar;C:\Users\wlsrl\.gradle\caches\modules-2\files-2.1\com.fasterxml.jackson.datatype\jackson-datatype-jdk8\2.15.3\80158cb020c7bd4e4ba94d8d752a65729dc943b2\jackson-datatype-jdk8-2.15.3.jar;C:\Users\wlsrl\.gradle\caches\modules-2\files-2.1\com.fasterxml.jackson.core\jackson-databind\2.15.3\a734bc2c47a9453c4efa772461a3aeb273c010d9\jackson-databind-2.15.3.jar;C:\Users\wlsrl\.gradle\caches\modules-2\files-2.1\org.apache.tomcat.embed\tomcat-embed-websocket\10.1.17\9ee2f34b51144b75878c9b42768e17de8fbdc74b\tomcat-embed-websocket-10.1.17.jar;C:\Users\wlsrl\.gradle\caches\modules-2\files-2.1\org.apache.tomcat.embed\tomcat-embed-core\10.1.17\5b9185ee002f9e194d2cb21ddcf8bc5f3d4a69da\tomcat-embed-core-10.1.17.jar;C:\Users\wlsrl\.gradle\caches\modules-2\files-2.1\io.micrometer\micrometer-observation\1.12.1\fbd0e0e9b6a36effd53e0eee35b050ed1f548ae5\micrometer-observation-1.12.1.jar;C:\Users\wlsrl\.gradle\caches\modules-2\files-2.1\jakarta.validation\jakarta.validation-api\3.0.2\92b6631659ba35ca09e44874d3eb936edfeee532\jakarta.validation-api-3.0.2.jar;C:\Users\wlsrl\.gradle\caches\modules-2\files-2.1\org.eclipse.angus\angus-activation\2.0.1\eaafaf4eb71b400e4136fc3a286f50e34a68ecb7\angus-activation-2.0.1.jar;C:\Users\wlsrl\.gradle\caches\modules-2\files-2.1\jakarta.activation\jakarta.activation-api\2.1.2\640c0d5aff45dbff1e1a1bc09673ff3a02b1ba12\jakarta.activation-api-2.1.2.jar;C:\Users\wlsrl\.gradle\caches\modules-2\files-2.1\net.minidev\accessors-smart\2.5.0\aca011492dfe9c26f4e0659028a4fe0970829dd8\accessors-smart-2.5.0.jar;C:\Users\wlsrl\.gradle\caches\modules-2\files-2.1\net.bytebuddy\byte-buddy-agent\1.14.10\90ed94ac044ea8953b224304c762316e91fd6b31\byte-buddy-agent-1.14.10.jar;C:\Users\wlsrl\.gradle\caches\modules-2\files-2.1\org.objenesis\objenesis\3.3\1049c09f1de4331e8193e579448d0916d75b7631\objenesis-3.3.jar;C:\Users\wlsrl\.gradle\caches\modules-2\files-2.1\com.vaadin.external.google\android-json\0.0.20131108.vaadin1\fa26d351fe62a6a17f5cda1287c1c6110dec413f\android-json-0.0.20131108.vaadin1.jar;C:\Users\wlsrl\.gradle\caches\modules-2\files-2.1\org.springframework\spring-jcl\6.1.2\285eb725861c9eacf2a3e4965d4e897932e335ea\spring-jcl-6.1.2.jar;C:\Users\wlsrl\.gradle\caches\modules-2\files-2.1\io.micrometer\micrometer-commons\1.12.1\abcc6b294e60582afdfae6c559c94ad1d412ce2d\micrometer-commons-1.12.1.jar;C:\Users\wlsrl\.gradle\caches\modules-2\files-2.1\org.ow2.asm\asm\9.3\8e6300ef51c1d801a7ed62d07cd221aca3a90640\asm-9.3.jar;C:\Users\wlsrl\.gradle\caches\modules-2\files-2.1\org.opentest4j\opentest4j\1.3.0\152ea56b3a72f655d4fd677fc0ef2596c3dd5e6e\opentest4j-1.3.0.jar;C:\Users\wlsrl\.gradle\caches\modules-2\files-2.1\org.glassfish.jaxb\txw2\4.0.4\cfd2bcf08782673ac370694fdf2cf76dbaa607ef\txw2-4.0.4.jar;C:\Users\wlsrl\.gradle\caches\modules-2\files-2.1\com.sun.istack\istack-commons-runtime\4.1.2\18ec117c85f3ba0ac65409136afa8e42bc74e739\istack-commons-runtime-4.1.2.jar;C:\Users\wlsrl\.gradle\caches\modules-2\files-2.1\ch.qos.logback\logback-core\1.4.14\4d3c2248219ac0effeb380ed4c5280a80bf395e8\logback-core-1.4.14.jar;C:\Users\wlsrl\.gradle\caches\modules-2\files-2.1\org.apache.logging.log4j\log4j-api\2.21.1\74c65e87b9ce1694a01524e192d7be989ba70486\log4j-api-2.21.1.jar;C:\Users\wlsrl\.gradle\wrapper\dists\gradle-8.5-bin\5t9huq95ubn472n8rpzujfbqh\gradle-8.5\lib\plugins\junit-platform-engine-1.8.2.jar;C:\Users\wlsrl\.gradle\wrapper\dists\gradle-8.5-bin\5t9huq95ubn472n8rpzujfbqh\gradle-8.5\lib\plugins\junit-platform-launcher-1.8.2.jar;C:\Users\wlsrl\.gradle\wrapper\dists\gradle-8.5-bin\5t9huq95ubn472n8rpzujfbqh\gradle-8.5\lib\plugins\junit-platform-commons-1.8.2.jar
Launcher Type: SUN_STANDARD

[Global flags]
     intx CICompilerCount                          = 4                                         {product} {ergonomic}
     uint ConcGCThreads                            = 3                                         {product} {ergonomic}
     uint G1ConcRefinementThreads                  = 10                                        {product} {ergonomic}
   size_t G1HeapRegionSize                         = 1048576                                   {product} {ergonomic}
    uintx GCDrainStackTargetSize                   = 64                                        {product} {ergonomic}
   size_t InitialHeapSize                          = 266338304                                 {product} {ergonomic}
   size_t MarkStackSize                            = 4194304                                   {product} {ergonomic}
   size_t MaxHeapSize                              = 536870912                                 {product} {command line}
   size_t MaxNewSize                               = 321912832                                 {product} {ergonomic}
   size_t MinHeapDeltaBytes                        = 1048576                                   {product} {ergonomic}
   size_t MinHeapSize                              = 8388608                                   {product} {ergonomic}
    uintx NonNMethodCodeHeapSize                   = 5839372                                {pd product} {ergonomic}
    uintx NonProfiledCodeHeapSize                  = 122909434                              {pd product} {ergonomic}
    uintx ProfiledCodeHeapSize                     = 122909434                              {pd product} {ergonomic}
    uintx ReservedCodeCacheSize                    = 251658240                              {pd product} {ergonomic}
     bool SegmentedCodeCache                       = true                                      {product} {ergonomic}
   size_t SoftMaxHeapSize                          = 536870912                              {manageable} {ergonomic}
     bool UseCompressedOops                        = true                           {product lp64_product} {ergonomic}
     bool UseG1GC                                  = true                                      {product} {ergonomic}
     bool UseLargePagesIndividualAllocation        = false                                  {pd product} {ergonomic}

Logging:
Log output configuration:
 #0: stdout all=warning uptime,level,tags foldmultilines=false
 #1: stderr all=off uptime,level,tags foldmultilines=false

Environment Variables:
JAVA_HOME=C:\Program Files\Java\jdk-11.0.20
CLASSPATH=C:\Program Files\Java\jdk-8.0.382.5-hotspot\lib
PATH=C:\Program Files\Common Files\Oracle\Java\javapath;C:\Program Files\Java\jdk-8.0.382.5-hotspot\bin;"C:\Program Files\Java\jdk-8.0.382.5-hotspot\bin;C:\Program Files\Java\jdk-8.0.382.5-hotspot\bin";C:\WINDOWS\system32;C:\WINDOWS;C:\WINDOWS\System32\Wbem;C:\WINDOWS\System32\WindowsPowerShell\v1.0\;C:\WINDOWS\System32\OpenSSH\;C:\Program Files\TortoiseGit\bin;C:\Program Files\dotnet\;C:\Program Files (x86)\ePapyrus\Papyrus-PlugIn-web;C:\Program Files (x86)\ePapyrus\Papyrus-PlugIn-web\Addins;C:\Program Files\Git\cmd;C:\Users\wlsrl\AppData\Local\Microsoft\WindowsApps;C:\Users\wlsrl\AppData\Local\Programs\Microsoft VS Code\bin;C:\Program Files\JetBrains\IntelliJ IDEA Community Edition 2023.2\bin;;C:\Program Files\MariaDB 11.4\bin;
USERNAME=wlsrl
OS=Windows_NT
PROCESSOR_IDENTIFIER=Intel64 Family 6 Model 151 Stepping 5, GenuineIntel
TMP=C:\Users\wlsrl\AppData\Local\Temp
TEMP=C:\Users\wlsrl\AppData\Local\Temp




Periodic native trim disabled

---------------  S Y S T E M  ---------------

OS:
 Windows 11 , 64 bit Build 22621 (10.0.22621.2506)
OS uptime: 2 days 18:16 hours

CPU: total 12 (initial active 12) (6 cores per cpu, 2 threads per core) family 6 model 151 stepping 5 microcode 0x18, cx8, cmov, fxsr, ht, mmx, 3dnowpref, sse, sse2, sse3, ssse3, sse4.1, sse4.2, popcnt, lzcnt, tsc, tscinvbit, avx, avx2, aes, erms, clmul, bmi1, bmi2, adx, sha, fma, vzeroupper, clflush, clflushopt, clwb, serialize, rdtscp, rdpid, fsrm, f16c, pku, cet_ibt, cet_ss
Processor Information for all 12 processors :
  Max Mhz: 2500, Current Mhz: 2500, Mhz Limit: 2500

Memory: 4k page, system-wide physical 16194M (3696M free)
TotalPageFile size 24386M (AvailPageFile size 4M)
current process WorkingSet (physical memory assigned to process): 270M, peak: 274M
current process commit charge ("private bytes"): 312M, peak: 407M

vm_info: OpenJDK 64-Bit Server VM (21.0.1+12-29) for windows-amd64 JRE (21.0.1+12-29), built on 2023-10-05T13:27:09Z by "mach5one" with MS VC++ 17.1 (VS2022)

END.
